<?xml version="1.0" encoding="UTF-8"?>
<library version="3.0" xmlns="http://www.netbeans.org/ns/library-declaration/3">
    <name>junit</name>
    <type>j2se</type>
    <localizing-bundle>org.netbeans.modules.junitlib.Bundle</localizing-bundle>
    <volume>
        <type>classpath</type>
        <resource>jar:nbinst://org.netbeans.modules.junitlib/modules/ext/junit-3.8.2.jar!/</resource>
    </volume>
    <volume>
        <type>javadoc</type>
        <resource>jar:nbinst://org.netbeans.modules.junitlib/docs/junit-3.8.2-api.zip!/</resource>
    </volume>
    <!-- Not currently bundled:
    <volume>
        <type>src</type>
        <resource>jar:nbinst://org.netbeans.modules.junitlib/docs/junit-3.8.2-src.jar!/</resource>
    </volume>
    -->
    <properties>
        <!-- please check with mkleint@netbeans.org before/after updating this or "classpath" section -->
        <property>
            <name>maven-dependencies</name>
            <value>junit:junit:3.8.2:jar</value>
        </property>
    </properties>    
</library>
