<?xml version="1.0" encoding="UTF-8"?>
<!DOCTYPE library PUBLIC "-//NetBeans//DTD Library Declaration 1.0//EN" "http://www.netbeans.org/dtds/library-declaration-1_0.dtd">
<library version="1.0">
    <name>junit</name>
    <type>j2se</type>
    <localizing-bundle>org.netbeans.modules.junitlib.Bundle</localizing-bundle>
    <volume>
        <type>classpath</type>
        <resource>jar:nbinst://org.netbeans.modules.junitlib/modules/ext/junit-3.8.2.jar!/</resource>
    </volume>
    <volume>
        <type>javadoc</type>
        <resource>jar:nbinst://org.netbeans.modules.junitlib/docs/junit-3.8.2-api.zip!/</resource>
    </volume>
    <!-- Not currently bundled:
    <volume>
        <type>src</type>
        <resource>jar:nbinst://org.netbeans.modules.junitlib/docs/junit-3.8.2-src.jar!/</resource>
    </volume>
    -->
    <volume>
        <!-- please check with mkleint@netbeans.org before/after updating this or "classpath" section -->
        <type>maven-pom</type>
        <resource>http://repo1.maven.org/maven2/junit/junit/3.8.2/junit-3.8.2.pom</resource>
    </volume>
</library>
