<?xml version="1.0"?>
<!DOCTYPE filesystem PUBLIC "-//NetBeans//DTD Filesystem 1.2//EN" "http://www.netbeans.org/dtds/filesystem-1_2.dtd">
<filesystem>
  <folder name="DLight">
    <folder name="iofileb.Configuration">
      <file name="DLightToolConfigurationProvider.instance">
        <attr name="instanceCreate" methodvalue="org.netbeans.modules.dlight.xml.DLightToolConfigurationProviderFactory.create"/>
        <attr name="instanceOf" stringvalue="org.netbeans.modules.dlight.spi.tool.DLightToolConfigurationProvider"/>
        <attr name="provider" stringvalue="DLight/iofileb.Configuration/XMLToolConfiguration.instance"/>
      </file>
      <file name="XMLToolConfiguration.instance">
        <attr name="instanceCreate" methodvalue="org.netbeans.modules.dlight.xml.DLightToolConfigurationFactory.create"/>
        <attr name="id" stringvalue="dlight.tool.iofileb"/>
        <attr name="name" stringvalue="iofileb"/>
        <attr name="displayName" stringvalue="I/O Bytes"/>
        <attr name="description" stringvalue="Displays bytes read/written per file.&#10;Provides both indicator and details view.&#10;"/>
        <attr name="iconBase" stringvalue="org/netbeans/modules/dlight/iofileb/icon.png"/>
        <attr name="datatable" stringvalue="DLight/iofileb.Configuration/DataTableMetadata.instance"/>
        <attr name="collector.config" stringvalue="DLight/iofileb.Configuration/CollectorList.instance"/>
        <attr name="idp.config" stringvalue="DLight/iofileb.Configuration/IndicatorDataProviderList.instance"/>
        <attr name="indicator.config" stringvalue="DLight/iofileb.Configuration/IndicatorList.instance"/>
      </file>
      <file name="DataTableMetadata.instance">
        <attr name="instanceCreate" methodvalue="org.netbeans.modules.dlight.xml.DLightToolConfigurationFactory.createTableMetadata"/>
        <attr name="name" stringvalue="iofileb"/>
        <attr name="columns" stringvalue="DLight/iofileb.Configuration/DataTableColumnList.instance"/>
      </file>
      <file name="DataTableColumnList.instance">
        <attr name="instanceCreate" methodvalue="org.netbeans.modules.dlight.xml.DLightToolConfigurationFactory.createColumnList"/>
        <attr name="columns" stringvalue="DLight/iofileb.Configuration/DataTableColumns"/>
      </file>
      <folder name="DataTableColumns">
        <file name="Column1.instance">
          <attr name="position" intvalue="1"/>
          <attr name="instanceCreate" methodvalue="org.netbeans.modules.dlight.api.impl.DataTableMetadataFactory.createColumn"/>
          <attr name="name" stringvalue="timestamp"/>
          <attr name="shortname" stringvalue="Timestamp"/>
          <attr name="class" stringvalue="timestamp"/>
        </file>
        <file name="Column2.instance">
          <attr name="position" intvalue="2"/>
          <attr name="instanceCreate" methodvalue="org.netbeans.modules.dlight.api.impl.DataTableMetadataFactory.createColumn"/>
          <attr name="name" stringvalue="pid"/>
          <attr name="shortname" stringvalue="PID"/>
          <attr name="class" stringvalue="int"/>
        </file>
        <file name="Column3.instance">
          <attr name="position" intvalue="3"/>
          <attr name="instanceCreate" methodvalue="org.netbeans.modules.dlight.api.impl.DataTableMetadataFactory.createColumn"/>
          <attr name="name" stringvalue="execname"/>
          <attr name="shortname" stringvalue="CMD"/>
          <attr name="class" stringvalue="string"/>
        </file>
        <file name="Column4.instance">
          <attr name="position" intvalue="4"/>
          <attr name="instanceCreate" methodvalue="org.netbeans.modules.dlight.api.impl.DataTableMetadataFactory.createColumn"/>
          <attr name="name" stringvalue="kb"/>
          <attr name="shortname" stringvalue="KB"/>
          <attr name="class" stringvalue="long"/>
        </file>
        <file name="Column5.instance">
          <attr name="position" intvalue="5"/>
          <attr name="instanceCreate" methodvalue="org.netbeans.modules.dlight.api.impl.DataTableMetadataFactory.createColumn"/>
          <attr name="name" stringvalue="file"/>
          <attr name="shortname" stringvalue="File"/>
          <attr name="class" stringvalue="string"/>
        </file>
        <file name="Column6.instance">
          <attr name="position" intvalue="6"/>
          <attr name="instanceCreate" methodvalue="org.netbeans.modules.dlight.api.impl.DataTableMetadataFactory.createColumn"/>
          <attr name="name" stringvalue="stack"/>
          <attr name="shortname" stringvalue="Call Stack"/>
          <attr name="class" stringvalue="long"/>
        </file>
      </folder>
      <file name="CollectorList.instance">
        <attr name="instanceCreate" methodvalue="org.netbeans.modules.dlight.xml.DLightToolConfigurationFactory.createCollectors"/>
        <attr name="collectors" stringvalue="DLight/iofileb.Configuration/Collectors"/>
      </file>
      <folder name="Collectors">
        <file name="DTDCConfiguration.shadow">
          <attr name="originalFile" stringvalue="DLight/iofileb.Configuration/DTDCConfiguration.instance"/>
        </file>
      </folder>
      <file name="IndicatorDataProviderList.instance">
        <attr name="instanceCreate" methodvalue="org.netbeans.modules.dlight.xml.DLightToolConfigurationFactory.createIdps"/>
        <attr name="idps" stringvalue="DLight/iofileb.Configuration/IndicatorDataProviders"/>
      </file>
      <folder name="IndicatorDataProviders">
        <file name="DTDCConfiguration.shadow">
          <attr name="originalFile" stringvalue="DLight/iofileb.Configuration/DTDCConfiguration.instance"/>
        </file>
      </folder>
      <file name="DTDCConfiguration.instance">
        <attr name="instanceCreate" methodvalue="com.sun.dlight.collector.dtrace.impl.DTDCConfigurationFactory.create"/>
        <attr name="instanceOf" stringvalue="com.sun.dlight.collector.dtrace.api.DTDCConfiguration"/>
        <attr name="script" urlvalue="nbresloc:/org/netbeans/modules/dlight/iofileb/script.d"/>
        <attr name="datatable" stringvalue="DLight/iofileb.Configuration/DataTableMetadata.instance"/>
        <attr name="stack.support" boolvalue="true"/>
        <attr name="indicator.firing.factor" intvalue="1"/>
        <attr name="output.prefix" stringvalue="iofileb:"/>
      </file>
      <file name="IndicatorList.instance">
        <attr name="instanceCreate" methodvalue="org.netbeans.modules.dlight.xml.DLightToolConfigurationFactory.createIndicators"/>
        <attr name="indicators" stringvalue="DLight/iofileb.Configuration/Indicators"/>
      </file>
      <folder name="Indicators">
        <file name="TimeSeriesIndicatorConfiguration.shadow">
          <attr name="originalFile" stringvalue="DLight/iofileb.Configuration/TimeSeriesIndicatorConfiguration.instance"/>
        </file>
      </folder>
      <file name="TimeSeriesIndicatorConfiguration.instance">
        <attr name="instanceCreate" methodvalue="org.netbeans.modules.dlight.indicators.impl.TimeSeriesIndicatorConfigurationFactory.createTimeSeriesIndicator"/>
        <attr name="instanceOf" stringvalue="org.netbeans.modules.dlight.indicators.TimeSeriesIndicatorConfiguration"/>
        <attr name="title" stringvalue="My First I/O bytes DLight Tool"/>
        <attr name="metadata" stringvalue="DLight/iofileb.Configuration/IndicatorMetadata.instance"/>
        <attr name="aggregation" stringvalue="SUM"/>
        <attr name="label.formatter" newvalue="org.netbeans.modules.dlight.util.BytesFormatter"/>
        <attr name="graph.scale" intvalue="1024"/>
        <attr name="LastNonNull" boolvalue="false"/>
        <attr name="action.displayName" stringvalue="Show details"/>
        <attr name="action.tooltip" stringvalue="Click to open details view"/>
        <attr name="timeSeriesDescriptors" stringvalue="DLight/iofileb.Configuration/TimeSeriesDescriptorList.instance"/>
        <attr name="visualizer" stringvalue="DLight/iofileb.Configuration/TableVisualizerConfiguration.instance"/>
      </file>
      <file name="IndicatorMetadata.instance">
        <attr name="instanceCreate" methodvalue="org.netbeans.modules.dlight.api.impl.IndicatorMetadataFactory.create"/>
        <attr name="columns" stringvalue="DLight/iofileb.Configuration/IndicatorColumnList.instance"/>
      </file>
      <file name="IndicatorColumnList.instance">
        <attr name="instanceCreate" methodvalue="org.netbeans.modules.dlight.api.impl.DataTableMetadataFactory.createColumnsList"/>
        <attr name="columns" stringvalue="DLight/iofileb.Configuration/IndicatorColumns"/>
      </file>
      <folder name="IndicatorColumns">
        <file name="Column1.shadow">
          <attr name="position" intvalue="1"/>
          <attr name="originalFile" stringvalue="DLight/iofileb.Configuration/DataTableColumns/Column4.instance"/>
        </file>
      </folder>
      <file name="TimeSeriesDescriptorList.instance">
        <attr name="instanceCreate" methodvalue="org.netbeans.modules.dlight.indicators.impl.TimeSeriesDescriptorFactory.createList"/>
        <attr name="items" stringvalue="DLight/iofileb.Configuration/TimeSeriesDescriptors"/>
      </file>
      <folder name="TimeSeriesDescriptors">
        <file name="TimeSeriesDescriptor1.instance">
          <attr name="position" intvalue="1"/>
          <attr name="instanceCreate" methodvalue="org.netbeans.modules.dlight.indicators.impl.TimeSeriesDescriptorFactory.createTimeSeriesDescriptor"/>
          <attr name="displayName" stringvalue="I/O Bytes"/>
          <attr name="kind" stringvalue="LINE"/>
          <attr name="color" stringvalue="red"/>
          <attr name="column" stringvalue="DLight/iofileb.Configuration/DataTableColumns/Column4.instance"/>
        </file>
      </folder>
      <file name="TableVisualizerConfiguration.instance">
        <attr name="instanceCreate" methodvalue="org.netbeans.modules.dlight.xml.DLightToolConfigurationFactory.createTableVisualizer"/>
        <attr name="instanceOf" stringvalue="org.netbeans.modules.dlight.visualizers.api.AdvancedTableViewVisualizerConfiguration"/>
        <attr name="metadata" stringvalue="DLight/iofileb.Configuration/DetailsTableMetadata.instance"/>
        <attr name="detailsRenderer" stringvalue="DLight/iofileb.Configuration/StackRenderer.instance"/>
        <attr name="hiddenColumns" stringvalue="DLight/iofileb.Configuration/DetailsTableStackColumnList.instance"/>
        <attr name="dualPaneMode" boolvalue="true"/>
      </file>
      <file name="DetailsTableMetadata.instance">
        <attr name="instanceCreate" methodvalue="org.netbeans.modules.dlight.xml.DLightToolConfigurationFactory.createTableMetadata"/>
        <attr name="name" stringvalue="iodetails"/>
        <attr name="columns" stringvalue="DLight/iofileb.Configuration/DetailsTableColumnList.instance"/>
        <attr name="sourceTable" stringvalue="DLight/iofileb.Configuration/DataTableMetadata.instance"/>
        <attr name="groupBy" stringvalue=""/>
        <attr name="orderBy" stringvalue="iofileb.timestamp"/>
        <attr name="sql" stringvalue=""/>
      </file>
      <file name="DetailsTableColumnList.instance">
        <attr name="instanceCreate" methodvalue="org.netbeans.modules.dlight.xml.DLightToolConfigurationFactory.createColumnList"/>
        <attr name="columns" stringvalue="DLight/iofileb.Configuration/DetailsTableColumns"/>
      </file>
      <folder name="DetailsTableColumns">
        <file name="Column1.instance">
          <attr name="position" intvalue="1"/>
          <attr name="instanceCreate" methodvalue="org.netbeans.modules.dlight.api.impl.DataTableMetadataFactory.createColumn"/>
          <attr name="name" stringvalue="file"/>
          <attr name="shortname" stringvalue="File"/>
          <attr name="class" stringvalue="string"/>
          <attr name="expression" stringvalue="iofileb.file"/>
        </file>
        <file name="Column2.instance">
          <attr name="position" intvalue="2"/>
          <attr name="instanceCreate" methodvalue="org.netbeans.modules.dlight.api.impl.DataTableMetadataFactory.createColumn"/>
          <attr name="name" stringvalue="kb"/>
          <attr name="shortname" stringvalue="Total I/O KB"/>
          <attr name="class" stringvalue="long"/>
          <attr name="expression" stringvalue="iofileb.kb"/>
        </file>
        <file name="Column3.instance">
          <attr name="position" intvalue="3"/>
          <attr name="instanceCreate" methodvalue="org.netbeans.modules.dlight.api.impl.DataTableMetadataFactory.createColumn"/>
          <attr name="name" stringvalue="stack"/>
          <attr name="shortname" stringvalue="Call Stack"/>
          <attr name="class" stringvalue="long"/>
          <attr name="expression" stringvalue="iofileb.stack"/>
        </file>
      </folder>
      <file name="StackRenderer.instance">
        <attr name="instanceCreate" methodvalue="org.netbeans.modules.dlight.xml.DLightToolConfigurationFactory.createStackRenderer"/>
        <attr name="columns" stringvalue="DLight/iofileb.Configuration/DetailsTableStackColumnList.instance"/>
      </file>
      <file name="DetailsTableStackColumnList.instance">
        <attr name="instanceCreate" methodvalue="org.netbeans.modules.dlight.xml.DLightToolConfigurationFactory.createColumnList"/>
        <attr name="columns" stringvalue="DLight/iofileb.Configuration/DetailsTableStackColumns"/>
      </file>
      <folder name="DetailsTableStackColumns">
        <file name="Column3.shadow">
          <attr name="position" intvalue="3"/>
          <attr name="originalFile" stringvalue="DLight/iofileb.Configuration/DetailsTableColumns/Column3.instance"/>
        </file>
      </folder>
    </folder>
    <folder name="ToolConfigurationProviders">
      <file name="iofilebConfigurationProvider.shadow">
        <attr name="originalFile" stringvalue="DLight/iofileb.Configuration/DLightToolConfigurationProvider.instance"/>
      </file>
    </folder>
    <folder name="Configurations">
      <folder name="DLight">
        <folder name="KnownToolsConfigurationProviders">
          <file name="iofilebConfigurationProvider.shadow">
            <attr name="originalFile" stringvalue="DLight/iofileb.Configuration/DLightToolConfigurationProvider.instance"/>
          </file>
        </folder>
      </folder>
    </folder>
  </folder>
</filesystem>
